{"timestamp": "2026-04-20T18:37:33.564248Z", "level": "INFO", "logger": "root", "module": "logging_config", "function": "setup_logging", "message": "Logging configured", "taskName": null, "log_level": "INFO", "log_format": "json", "log_dir": "./logs", "line": 132}
{"timestamp": "2026-04-20T18:38:02.922591Z", "level": "INFO", "logger": "root", "module": "logging_config", "function": "setup_logging", "message": "Logging configured", "taskName": null, "log_level": "INFO", "log_format": "json", "log_dir": "./logs", "line": 132}
{"timestamp": "2026-04-20T18:38:17.918335Z", "level": "INFO", "logger": "root", "module": "logging_config", "function": "setup_logging", "message": "Logging configured", "taskName": null, "log_level": "INFO", "log_format": "json", "log_dir": "./logs", "line": 132}
{"timestamp": "2026-04-20T18:38:44.612482Z", "level": "INFO", "logger": "root", "module": "logging_config", "function": "setup_logging", "message": "Logging configured", "taskName": null, "log_level": "INFO", "log_format": "json", "log_dir": "./logs", "line": 132}
{"timestamp": "2026-04-20T18:38:44.822623Z", "level": "INFO", "logger": "policy_engine.core", "module": "core", "function": "_load_policy_file", "message": "Loaded 3 policies from action_policies.yaml", "taskName": null, "line": 319}
{"timestamp": "2026-04-20T18:38:44.828568Z", "level": "INFO", "logger": "policy_engine.core", "module": "core", "function": "_load_policy_file", "message": "Loaded 4 policies from human_escalation_policies.yaml", "taskName": null, "line": 319}
{"timestamp": "2026-04-20T18:38:44.834870Z", "level": "INFO", "logger": "policy_engine.core", "module": "core", "function": "_load_policy_file", "message": "Loaded 5 policies from interrupt_policies.yaml", "taskName": null, "line": 319}
{"timestamp": "2026-04-20T18:38:44.840244Z", "level": "INFO", "logger": "policy_engine.core", "module": "core", "function": "_load_policy_file", "message": "Loaded 5 policies from mode_policies.yaml", "taskName": null, "line": 319}
{"timestamp": "2026-04-20T18:38:44.846376Z", "level": "INFO", "logger": "policy_engine.core", "module": "core", "function": "_load_policy_file", "message": "Loaded 4 policies from routing_policies.yaml", "taskName": null, "line": 319}
{"timestamp": "2026-04-20T18:38:44.852194Z", "level": "INFO", "logger": "policy_engine.core", "module": "core", "function": "_load_policy_file", "message": "Loaded 4 policies from tool_access_policies.yaml", "taskName": null, "line": 319}
{"timestamp": "2026-04-20T18:38:44.863141Z", "level": "WARNING", "logger": "common.telemetry", "module": "telemetry", "function": "init_observability", "message": "OpenTelemetry not installed, observability disabled", "taskName": null, "line": 300}
{"timestamp": "2026-04-20T18:38:44.866462Z", "level": "WARNING", "logger": "common.telemetry", "module": "telemetry", "function": "instrument_fastapi", "message": "OpenTelemetry not installed, FastAPI instrumentation skipped", "taskName": null, "line": 239}
{"timestamp": "2026-04-20T18:38:48.770696Z", "level": "INFO", "logger": "policy_engine.core", "module": "core", "function": "_load_policy_file", "message": "Loaded 3 policies from action_policies.yaml", "taskName": null, "line": 319}
{"timestamp": "2026-04-20T18:38:48.776148Z", "level": "INFO", "logger": "policy_engine.core", "module": "core", "function": "_load_policy_file", "message": "Loaded 4 policies from human_escalation_policies.yaml", "taskName": null, "line": 319}
{"timestamp": "2026-04-20T18:38:48.782974Z", "level": "INFO", "logger": "policy_engine.core", "module": "core", "function": "_load_policy_file", "message": "Loaded 5 policies from interrupt_policies.yaml", "taskName": null, "line": 319}
{"timestamp": "2026-04-20T18:38:48.789584Z", "level": "INFO", "logger": "policy_engine.core", "module": "core", "function": "_load_policy_file", "message": "Loaded 5 policies from mode_policies.yaml", "taskName": null, "line": 319}
{"timestamp": "2026-04-20T18:38:48.796401Z", "level": "INFO", "logger": "policy_engine.core", "module": "core", "function": "_load_policy_file", "message": "Loaded 4 policies from routing_policies.yaml", "taskName": null, "line": 319}
{"timestamp": "2026-04-20T18:38:48.807605Z", "level": "INFO", "logger": "policy_engine.core", "module": "core", "function": "_load_policy_file", "message": "Loaded 4 policies from tool_access_policies.yaml", "taskName": null, "line": 319}
{"timestamp": "2026-04-20T18:38:49.585037Z", "level": "INFO", "logger": "workspace_service.redis_client", "module": "redis_client", "function": "__init__", "message": "Connecting to Redis at localhost:6379/0", "taskName": null, "line": 22}
{"timestamp": "2026-04-20T18:38:49.591293Z", "level": "INFO", "logger": "policy_engine.core", "module": "core", "function": "_load_policy_file", "message": "Loaded 3 policies from action_policies.yaml", "taskName": null, "line": 319}
{"timestamp": "2026-04-20T18:38:49.596586Z", "level": "INFO", "logger": "policy_engine.core", "module": "core", "function": "_load_policy_file", "message": "Loaded 4 policies from human_escalation_policies.yaml", "taskName": null, "line": 319}
{"timestamp": "2026-04-20T18:38:49.602238Z", "level": "INFO", "logger": "policy_engine.core", "module": "core", "function": "_load_policy_file", "message": "Loaded 5 policies from interrupt_policies.yaml", "taskName": null, "line": 319}
{"timestamp": "2026-04-20T18:38:49.608384Z", "level": "INFO", "logger": "policy_engine.core", "module": "core", "function": "_load_policy_file", "message": "Loaded 5 policies from mode_policies.yaml", "taskName": null, "line": 319}
{"timestamp": "2026-04-20T18:38:49.614144Z", "level": "INFO", "logger": "policy_engine.core", "module": "core", "function": "_load_policy_file", "message": "Loaded 4 policies from routing_policies.yaml", "taskName": null, "line": 319}
{"timestamp": "2026-04-20T18:38:49.619897Z", "level": "INFO", "logger": "policy_engine.core", "module": "core", "function": "_load_policy_file", "message": "Loaded 4 policies from tool_access_policies.yaml", "taskName": null, "line": 319}
{"timestamp": "2026-04-20T18:38:49.622693Z", "level": "INFO", "logger": "workspace_service.redis_client", "module": "redis_client", "function": "__init__", "message": "Connecting to Redis at localhost:6379/0", "taskName": null, "line": 22}
{"timestamp": "2026-04-20T18:38:49.683038Z", "level": "INFO", "logger": "workspace_service.redis_client", "module": "redis_client", "function": "__init__", "message": "Connecting to Redis at localhost:6379/0", "taskName": null, "line": 22}
{"timestamp": "2026-04-20T18:38:49.686918Z", "level": "INFO", "logger": "root", "module": "logging_config", "function": "setup_logging", "message": "Logging configured", "taskName": "Task-1", "log_level": "INFO", "log_format": "json", "log_dir": "./logs", "line": 132}
{"timestamp": "2026-04-20T18:38:49.689492Z", "level": "INFO", "logger": "__main__", "module": "run_scenario", "function": "run_scenario", "message": "=== \u041d\u0430\u0447\u0430\u043b\u043e end-to-end \u0441\u0446\u0435\u043d\u0430\u0440\u0438\u044f ===", "taskName": "Task-1", "line": 29}
{"timestamp": "2026-04-20T18:38:49.692004Z", "level": "INFO", "logger": "__main__", "module": "run_scenario", "function": "run_scenario", "message": "\u0421\u043e\u0437\u0434\u0430\u043d\u043e \u0441\u043e\u0431\u044b\u0442\u0438\u0435: test_payment_outage_001 (payment_outage, critical)", "taskName": "Task-1", "line": 45}
{"timestamp": "2026-04-20T18:39:47.642662Z", "level": "INFO", "logger": "root", "module": "logging_config", "function": "setup_logging", "message": "Logging configured", "taskName": null, "log_level": "INFO", "log_format": "json", "log_dir": "./logs", "line": 132}
{"timestamp": "2026-04-20T18:39:47.857344Z", "level": "INFO", "logger": "policy_engine.core", "module": "core", "function": "_load_policy_file", "message": "Loaded 3 policies from action_policies.yaml", "taskName": null, "line": 319}
{"timestamp": "2026-04-20T18:39:47.861923Z", "level": "INFO", "logger": "policy_engine.core", "module": "core", "function": "_load_policy_file", "message": "Loaded 4 policies from human_escalation_policies.yaml", "taskName": null, "line": 319}
{"timestamp": "2026-04-20T18:39:47.867151Z", "level": "INFO", "logger": "policy_engine.core", "module": "core", "function": "_load_policy_file", "message": "Loaded 5 policies from interrupt_policies.yaml", "taskName": null, "line": 319}
{"timestamp": "2026-04-20T18:39:47.872230Z", "level": "INFO", "logger": "policy_engine.core", "module": "core", "function": "_load_policy_file", "message": "Loaded 5 policies from mode_policies.yaml", "taskName": null, "line": 319}
{"timestamp": "2026-04-20T18:39:47.877258Z", "level": "INFO", "logger": "policy_engine.core", "module": "core", "function": "_load_policy_file", "message": "Loaded 4 policies from routing_policies.yaml", "taskName": null, "line": 319}
{"timestamp": "2026-04-20T18:39:47.883215Z", "level": "INFO", "logger": "policy_engine.core", "module": "core", "function": "_load_policy_file", "message": "Loaded 4 policies from tool_access_policies.yaml", "taskName": null, "line": 319}
{"timestamp": "2026-04-20T18:39:47.893572Z", "level": "WARNING", "logger": "common.telemetry", "module": "telemetry", "function": "init_observability", "message": "OpenTelemetry not installed, observability disabled", "taskName": null, "line": 300}
{"timestamp": "2026-04-20T18:39:47.896473Z", "level": "WARNING", "logger": "common.telemetry", "module": "telemetry", "function": "instrument_fastapi", "message": "OpenTelemetry not installed, FastAPI instrumentation skipped", "taskName": null, "line": 239}
{"timestamp": "2026-04-20T18:39:48.024941Z", "level": "INFO", "logger": "policy_engine.core", "module": "core", "function": "_load_policy_file", "message": "Loaded 3 policies from action_policies.yaml", "taskName": null, "line": 319}
{"timestamp": "2026-04-20T18:39:48.030137Z", "level": "INFO", "logger": "policy_engine.core", "module": "core", "function": "_load_policy_file", "message": "Loaded 4 policies from human_escalation_policies.yaml", "taskName": null, "line": 319}
{"timestamp": "2026-04-20T18:39:48.036270Z", "level": "INFO", "logger": "policy_engine.core", "module": "core", "function": "_load_policy_file", "message": "Loaded 5 policies from interrupt_policies.yaml", "taskName": null, "line": 319}
{"timestamp": "2026-04-20T18:39:48.041979Z", "level": "INFO", "logger": "policy_engine.core", "module": "core", "function": "_load_policy_file", "message": "Loaded 5 policies from mode_policies.yaml", "taskName": null, "line": 319}
{"timestamp": "2026-04-20T18:39:48.047389Z", "level": "INFO", "logger": "policy_engine.core", "module": "core", "function": "_load_policy_file", "message": "Loaded 4 policies from routing_policies.yaml", "taskName": null, "line": 319}
{"timestamp": "2026-04-20T18:39:48.052829Z", "level": "INFO", "logger": "policy_engine.core", "module": "core", "function": "_load_policy_file", "message": "Loaded 4 policies from tool_access_policies.yaml", "taskName": null, "line": 319}
{"timestamp": "2026-04-20T18:39:48.111824Z", "level": "INFO", "logger": "workspace_service.redis_client", "module": "redis_client", "function": "__init__", "message": "Connecting to Redis at localhost:6379/0", "taskName": null, "line": 22}
{"timestamp": "2026-04-20T18:39:48.118555Z", "level": "INFO", "logger": "policy_engine.core", "module": "core", "function": "_load_policy_file", "message": "Loaded 3 policies from action_policies.yaml", "taskName": null, "line": 319}
{"timestamp": "2026-04-20T18:39:48.124293Z", "level": "INFO", "logger": "policy_engine.core", "module": "core", "function": "_load_policy_file", "message": "Loaded 4 policies from human_escalation_policies.yaml", "taskName": null, "line": 319}
{"timestamp": "2026-04-20T18:39:48.130992Z", "level": "INFO", "logger": "policy_engine.core", "module": "core", "function": "_load_policy_file", "message": "Loaded 5 policies from interrupt_policies.yaml", "taskName": null, "line": 319}
{"timestamp": "2026-04-20T18:39:48.142350Z", "level": "INFO", "logger": "policy_engine.core", "module": "core", "function": "_load_policy_file", "message": "Loaded 5 policies from mode_policies.yaml", "taskName": null, "line": 319}
{"timestamp": "2026-04-20T18:39:48.147993Z", "level": "INFO", "logger": "policy_engine.core", "module": "core", "function": "_load_policy_file", "message": "Loaded 4 policies from routing_policies.yaml", "taskName": null, "line": 319}
{"timestamp": "2026-04-20T18:39:48.154002Z", "level": "INFO", "logger": "policy_engine.core", "module": "core", "function": "_load_policy_file", "message": "Loaded 4 policies from tool_access_policies.yaml", "taskName": null, "line": 319}
{"timestamp": "2026-04-20T18:39:48.156550Z", "level": "INFO", "logger": "workspace_service.redis_client", "module": "redis_client", "function": "__init__", "message": "Connecting to Redis at localhost:6379/0", "taskName": null, "line": 22}
{"timestamp": "2026-04-20T18:39:48.160486Z", "level": "INFO", "logger": "workspace_service.redis_client", "module": "redis_client", "function": "__init__", "message": "Connecting to Redis at localhost:6379/0", "taskName": null, "line": 22}
{"timestamp": "2026-04-20T18:39:48.164201Z", "level": "INFO", "logger": "root", "module": "logging_config", "function": "setup_logging", "message": "Logging configured", "taskName": "Task-1", "log_level": "INFO", "log_format": "json", "log_dir": "./logs", "line": 132}
{"timestamp": "2026-04-20T18:39:48.167527Z", "level": "INFO", "logger": "__main__", "module": "run_scenario", "function": "run_scenario", "message": "=== \u041d\u0430\u0447\u0430\u043b\u043e end-to-end \u0441\u0446\u0435\u043d\u0430\u0440\u0438\u044f ===", "taskName": "Task-1", "line": 29}
{"timestamp": "2026-04-20T18:39:48.170072Z", "level": "INFO", "logger": "__main__", "module": "run_scenario", "function": "run_scenario", "message": "\u0421\u043e\u0437\u0434\u0430\u043d\u043e \u0441\u043e\u0431\u044b\u0442\u0438\u0435: test_payment_outage_001 (payment_outage, critical)", "taskName": "Task-1", "line": 45}
{"timestamp": "2026-04-20T18:39:48.172966Z", "level": "INFO", "logger": "salience_engine.engine", "module": "engine", "function": "compute", "message": "Computed salience score for event test_payment_outage_001: 0.705", "taskName": "Task-1", "line": 78}
{"timestamp": "2026-04-20T18:39:48.175399Z", "level": "INFO", "logger": "__main__", "module": "run_scenario", "function": "run_scenario", "message": "Salience score: 0.705", "taskName": "Task-1", "line": 51}
{"timestamp": "2026-04-20T18:39:48.177855Z", "level": "INFO", "logger": "__main__", "module": "run_scenario", "function": "run_scenario", "message": "\u0422\u0435\u043a\u0443\u0449\u0438\u0439 \u0440\u0435\u0436\u0438\u043c \u0441\u0438\u0441\u0442\u0435\u043c\u044b: normal", "taskName": "Task-1", "line": 57}
{"timestamp": "2026-04-20T18:39:48.183221Z", "level": "INFO", "logger": "policy_engine.core", "module": "core", "function": "_load_policy_file", "message": "Loaded 3 policies from action_policies.yaml", "taskName": "Task-1", "line": 319}
{"timestamp": "2026-04-20T18:39:48.188897Z", "level": "INFO", "logger": "policy_engine.core", "module": "core", "function": "_load_policy_file", "message": "Loaded 4 policies from human_escalation_policies.yaml", "taskName": "Task-1", "line": 319}
{"timestamp": "2026-04-20T18:39:48.195264Z", "level": "INFO", "logger": "policy_engine.core", "module": "core", "function": "_load_policy_file", "message": "Loaded 5 policies from interrupt_policies.yaml", "taskName": "Task-1", "line": 319}
{"timestamp": "2026-04-20T18:39:48.200894Z", "level": "INFO", "logger": "policy_engine.core", "module": "core", "function": "_load_policy_file", "message": "Loaded 5 policies from mode_policies.yaml", "taskName": "Task-1", "line": 319}
{"timestamp": "2026-04-20T18:39:48.205828Z", "level": "INFO", "logger": "policy_engine.core", "module": "core", "function": "_load_policy_file", "message": "Loaded 4 policies from routing_policies.yaml", "taskName": "Task-1", "line": 319}
{"timestamp": "2026-04-20T18:39:48.210787Z", "level": "INFO", "logger": "policy_engine.core", "module": "core", "function": "_load_policy_file", "message": "Loaded 4 policies from tool_access_policies.yaml", "taskName": "Task-1", "line": 319}
{"timestamp": "2026-04-20T18:39:48.213229Z", "level": "INFO", "logger": "workspace_service.redis_client", "module": "redis_client", "function": "__init__", "message": "Connecting to Redis at localhost:6379/0", "taskName": "Task-1", "line": 22}
{"timestamp": "2026-04-20T18:39:48.309291Z", "level": "INFO", "logger": "interrupt_manager.manager", "module": "manager", "function": "_record_decision", "message": "Interrupt decision: False (type: InterruptType.SOFT, reason: no_active_tasks, priority: 0)", "taskName": "Task-1", "line": 252}
{"timestamp": "2026-04-20T18:39:48.311505Z", "level": "INFO", "logger": "__main__", "module": "run_scenario", "function": "run_scenario", "message": "\u0420\u0435\u0448\u0435\u043d\u0438\u0435 \u043e \u043f\u0440\u0435\u0440\u044b\u0432\u0430\u043d\u0438\u0438: False (\u043f\u0440\u0438\u0447\u0438\u043d\u0430: no_active_tasks)", "taskName": "Task-1", "line": 63}
{"timestamp": "2026-04-20T18:39:48.313857Z", "level": "INFO", "logger": "workspace_service.redis_client", "module": "redis_client", "function": "__init__", "message": "Connecting to Redis at localhost:6379/0", "taskName": "Task-1", "line": 22}
{"timestamp": "2026-04-20T18:39:48.324210Z", "level": "INFO", "logger": "task_orchestrator.orchestrator", "module": "orchestrator", "function": "create_task", "message": "Task created: task_b32b10ac for event test_payment_outage_001", "taskName": "Task-1", "line": 35}
{"timestamp": "2026-04-20T18:39:48.326316Z", "level": "INFO", "logger": "__main__", "module": "run_scenario", "function": "run_scenario", "message": "\u0421\u043e\u0437\u0434\u0430\u043d\u0430 \u0437\u0430\u0434\u0430\u0447\u0430: task_b32b10ac", "taskName": "Task-1", "line": 68}
{"timestamp": "2026-04-20T18:39:48.328790Z", "level": "INFO", "logger": "retriever_agent.agent", "module": "agent", "function": "execute", "message": "RetrieverAgent executing task task_b32b10ac", "taskName": "Task-1", "line": 22}
{"timestamp": "2026-04-20T18:39:48.836426Z", "level": "INFO", "logger": "task_orchestrator.orchestrator", "module": "orchestrator", "function": "assign_agent", "message": "Task task_b32b10ac finished with status failed", "taskName": "Task-1", "line": 54}
{"timestamp": "2026-04-20T18:39:48.838764Z", "level": "INFO", "logger": "__main__", "module": "run_scenario", "function": "run_scenario", "message": "\u0417\u0430\u0434\u0430\u0447\u0430 \u0432\u044b\u043f\u043e\u043b\u043d\u0435\u043d\u0430: False, \u0440\u0435\u0437\u0443\u043b\u044c\u0442\u0430\u0442: {'success': False, 'task_id': 'task_b32b10ac', 'results': [], 'summary': 'Found 0 relevant documents.', 'timestamp': 1776710388.8299408}", "taskName": "Task-1", "line": 72}
{"timestamp": "2026-04-20T18:39:48.840750Z", "level": "INFO", "logger": "workspace_service.redis_client", "module": "redis_client", "function": "__init__", "message": "Connecting to Redis at localhost:6379/0", "taskName": "Task-1", "line": 22}
{"timestamp": "2026-04-20T18:39:48.847945Z", "level": "INFO", "logger": "__main__", "module": "run_scenario", "function": "run_scenario", "message": "\u0414\u0430\u043d\u043d\u044b\u0435 \u0441\u043e\u0445\u0440\u0430\u043d\u0435\u043d\u044b \u0432 workspace.", "taskName": "Task-1", "line": 79}
{"timestamp": "2026-04-20T18:39:48.849980Z", "level": "INFO", "logger": "__main__", "module": "run_scenario", "function": "run_scenario", "message": "=== \u0421\u0446\u0435\u043d\u0430\u0440\u0438\u0439 \u0437\u0430\u0432\u0435\u0440\u0448\u0451\u043d ===", "taskName": "Task-1", "line": 82}
{"timestamp": "2026-04-20T18:42:38.830792Z", "level": "INFO", "logger": "root", "module": "logging_config", "function": "setup_logging", "message": "Logging configured", "taskName": null, "log_level": "INFO", "log_format": "json", "log_dir": "./logs", "line": 132}
{"timestamp": "2026-04-20T18:42:39.087322Z", "level": "INFO", "logger": "policy_engine.core", "module": "core", "function": "_load_policy_file", "message": "Loaded 3 policies from action_policies.yaml", "taskName": null, "line": 319}
{"timestamp": "2026-04-20T18:42:39.094034Z", "level": "INFO", "logger": "policy_engine.core", "module": "core", "function": "_load_policy_file", "message": "Loaded 4 policies from human_escalation_policies.yaml", "taskName": null, "line": 319}
{"timestamp": "2026-04-20T18:42:39.100994Z", "level": "INFO", "logger": "policy_engine.core", "module": "core", "function": "_load_policy_file", "message": "Loaded 5 policies from interrupt_policies.yaml", "taskName": null, "line": 319}
{"timestamp": "2026-04-20T18:42:39.107426Z", "level": "INFO", "logger": "policy_engine.core", "module": "core", "function": "_load_policy_file", "message": "Loaded 5 policies from mode_policies.yaml", "taskName": null, "line": 319}
{"timestamp": "2026-04-20T18:42:39.114331Z", "level": "INFO", "logger": "policy_engine.core", "module": "core", "function": "_load_policy_file", "message": "Loaded 4 policies from routing_policies.yaml", "taskName": null, "line": 319}
{"timestamp": "2026-04-20T18:42:39.123101Z", "level": "INFO", "logger": "policy_engine.core", "module": "core", "function": "_load_policy_file", "message": "Loaded 4 policies from tool_access_policies.yaml", "taskName": null, "line": 319}
{"timestamp": "2026-04-20T18:42:39.138854Z", "level": "WARNING", "logger": "common.telemetry", "module": "telemetry", "function": "init_observability", "message": "OpenTelemetry not installed, observability disabled", "taskName": null, "line": 300}
{"timestamp": "2026-04-20T18:42:39.145224Z", "level": "WARNING", "logger": "common.telemetry", "module": "telemetry", "function": "instrument_fastapi", "message": "OpenTelemetry not installed, FastAPI instrumentation skipped", "taskName": null, "line": 239}
{"timestamp": "2026-04-20T18:42:39.262104Z", "level": "INFO", "logger": "policy_engine.core", "module": "core", "function": "_load_policy_file", "message": "Loaded 3 policies from action_policies.yaml", "taskName": null, "line": 319}
{"timestamp": "2026-04-20T18:42:39.271023Z", "level": "INFO", "logger": "policy_engine.core", "module": "core", "function": "_load_policy_file", "message": "Loaded 4 policies from human_escalation_policies.yaml", "taskName": null, "line": 319}
{"timestamp": "2026-04-20T18:42:39.280226Z", "level": "INFO", "logger": "policy_engine.core", "module": "core", "function": "_load_policy_file", "message": "Loaded 5 policies from interrupt_policies.yaml", "taskName": null, "line": 319}
{"timestamp": "2026-04-20T18:42:39.288587Z", "level": "INFO", "logger": "policy_engine.core", "module": "core", "function": "_load_policy_file", "message": "Loaded 5 policies from mode_policies.yaml", "taskName": null, "line": 319}
{"timestamp": "2026-04-20T18:42:39.297870Z", "level": "INFO", "logger": "policy_engine.core", "module": "core", "function": "_load_policy_file", "message": "Loaded 4 policies from routing_policies.yaml", "taskName": null, "line": 319}
{"timestamp": "2026-04-20T18:42:39.307680Z", "level": "INFO", "logger": "policy_engine.core", "module": "core", "function": "_load_policy_file", "message": "Loaded 4 policies from tool_access_policies.yaml", "taskName": null, "line": 319}
{"timestamp": "2026-04-20T18:42:39.352671Z", "level": "INFO", "logger": "workspace_service.redis_client", "module": "redis_client", "function": "__init__", "message": "Connecting to Redis at localhost:6379/0", "taskName": null, "line": 22}
{"timestamp": "2026-04-20T18:42:39.361915Z", "level": "INFO", "logger": "policy_engine.core", "module": "core", "function": "_load_policy_file", "message": "Loaded 3 policies from action_policies.yaml", "taskName": null, "line": 319}
{"timestamp": "2026-04-20T18:42:39.368893Z", "level": "INFO", "logger": "policy_engine.core", "module": "core", "function": "_load_policy_file", "message": "Loaded 4 policies from human_escalation_policies.yaml", "taskName": null, "line": 319}
{"timestamp": "2026-04-20T18:42:39.377248Z", "level": "INFO", "logger": "policy_engine.core", "module": "core", "function": "_load_policy_file", "message": "Loaded 5 policies from interrupt_policies.yaml", "taskName": null, "line": 319}
{"timestamp": "2026-04-20T18:42:39.384382Z", "level": "INFO", "logger": "policy_engine.core", "module": "core", "function": "_load_policy_file", "message": "Loaded 5 policies from mode_policies.yaml", "taskName": null, "line": 319}
{"timestamp": "2026-04-20T18:42:39.390586Z", "level": "INFO", "logger": "policy_engine.core", "module": "core", "function": "_load_policy_file", "message": "Loaded 4 policies from routing_policies.yaml", "taskName": null, "line": 319}
{"timestamp": "2026-04-20T18:42:39.397118Z", "level": "INFO", "logger": "policy_engine.core", "module": "core", "function": "_load_policy_file", "message": "Loaded 4 policies from tool_access_policies.yaml", "taskName": null, "line": 319}
{"timestamp": "2026-04-20T18:42:39.400332Z", "level": "INFO", "logger": "workspace_service.redis_client", "module": "redis_client", "function": "__init__", "message": "Connecting to Redis at localhost:6379/0", "taskName": null, "line": 22}
{"timestamp": "2026-04-20T18:42:39.404772Z", "level": "INFO", "logger": "workspace_service.redis_client", "module": "redis_client", "function": "__init__", "message": "Connecting to Redis at localhost:6379/0", "taskName": null, "line": 22}
{"timestamp": "2026-04-20T18:42:39.409463Z", "level": "INFO", "logger": "root", "module": "logging_config", "function": "setup_logging", "message": "Logging configured", "taskName": "Task-1", "log_level": "INFO", "log_format": "json", "log_dir": "./logs", "line": 132}
{"timestamp": "2026-04-20T18:42:39.412591Z", "level": "INFO", "logger": "__main__", "module": "run_scenario", "function": "run_scenario", "message": "=== \u041d\u0430\u0447\u0430\u043b\u043e end-to-end \u0441\u0446\u0435\u043d\u0430\u0440\u0438\u044f ===", "taskName": "Task-1", "line": 29}
{"timestamp": "2026-04-20T18:42:39.415553Z", "level": "INFO", "logger": "__main__", "module": "run_scenario", "function": "run_scenario", "message": "\u0421\u043e\u0437\u0434\u0430\u043d\u043e \u0441\u043e\u0431\u044b\u0442\u0438\u0435: test_payment_outage_001 (payment_outage, critical)", "taskName": "Task-1", "line": 45}
{"timestamp": "2026-04-20T18:42:39.419532Z", "level": "INFO", "logger": "salience_engine.engine", "module": "engine", "function": "compute", "message": "Computed salience score for event test_payment_outage_001: 0.705", "taskName": "Task-1", "line": 78}
{"timestamp": "2026-04-20T18:42:39.422407Z", "level": "INFO", "logger": "__main__", "module": "run_scenario", "function": "run_scenario", "message": "Salience score: 0.705", "taskName": "Task-1", "line": 51}
{"timestamp": "2026-04-20T18:42:39.426329Z", "level": "INFO", "logger": "__main__", "module": "run_scenario", "function": "run_scenario", "message": "\u0422\u0435\u043a\u0443\u0449\u0438\u0439 \u0440\u0435\u0436\u0438\u043c \u0441\u0438\u0441\u0442\u0435\u043c\u044b: normal", "taskName": "Task-1", "line": 57}
{"timestamp": "2026-04-20T18:42:39.433051Z", "level": "INFO", "logger": "policy_engine.core", "module": "core", "function": "_load_policy_file", "message": "Loaded 3 policies from action_policies.yaml", "taskName": "Task-1", "line": 319}
{"timestamp": "2026-04-20T18:42:39.439366Z", "level": "INFO", "logger": "policy_engine.core", "module": "core", "function": "_load_policy_file", "message": "Loaded 4 policies from human_escalation_policies.yaml", "taskName": "Task-1", "line": 319}
{"timestamp": "2026-04-20T18:42:39.445856Z", "level": "INFO", "logger": "policy_engine.core", "module": "core", "function": "_load_policy_file", "message": "Loaded 5 policies from interrupt_policies.yaml", "taskName": "Task-1", "line": 319}
{"timestamp": "2026-04-20T18:42:39.452882Z", "level": "INFO", "logger": "policy_engine.core", "module": "core", "function": "_load_policy_file", "message": "Loaded 5 policies from mode_policies.yaml", "taskName": "Task-1", "line": 319}
{"timestamp": "2026-04-20T18:42:39.460244Z", "level": "INFO", "logger": "policy_engine.core", "module": "core", "function": "_load_policy_file", "message": "Loaded 4 policies from routing_policies.yaml", "taskName": "Task-1", "line": 319}
{"timestamp": "2026-04-20T18:42:39.468720Z", "level": "INFO", "logger": "policy_engine.core", "module": "core", "function": "_load_policy_file", "message": "Loaded 4 policies from tool_access_policies.yaml", "taskName": "Task-1", "line": 319}
{"timestamp": "2026-04-20T18:42:39.471779Z", "level": "INFO", "logger": "workspace_service.redis_client", "module": "redis_client", "function": "__init__", "message": "Connecting to Redis at localhost:6379/0", "taskName": "Task-1", "line": 22}
{"timestamp": "2026-04-20T18:42:39.484634Z", "level": "INFO", "logger": "interrupt_manager.manager", "module": "manager", "function": "_record_decision", "message": "Interrupt decision: False (type: InterruptType.SOFT, reason: no_active_tasks, priority: 0)", "taskName": "Task-1", "line": 252}
{"timestamp": "2026-04-20T18:42:39.487242Z", "level": "INFO", "logger": "__main__", "module": "run_scenario", "function": "run_scenario", "message": "\u0420\u0435\u0448\u0435\u043d\u0438\u0435 \u043e \u043f\u0440\u0435\u0440\u044b\u0432\u0430\u043d\u0438\u0438: False (\u043f\u0440\u0438\u0447\u0438\u043d\u0430: no_active_tasks)", "taskName": "Task-1", "line": 63}
{"timestamp": "2026-04-20T18:42:39.490326Z", "level": "INFO", "logger": "workspace_service.redis_client", "module": "redis_client", "function": "__init__", "message": "Connecting to Redis at localhost:6379/0", "taskName": "Task-1", "line": 22}
{"timestamp": "2026-04-20T18:42:39.497648Z", "level": "INFO", "logger": "task_orchestrator.orchestrator", "module": "orchestrator", "function": "create_task", "message": "Task created: task_78480c60 for event test_payment_outage_001", "taskName": "Task-1", "line": 35}
{"timestamp": "2026-04-20T18:42:39.500440Z", "level": "INFO", "logger": "__main__", "module": "run_scenario", "function": "run_scenario", "message": "\u0421\u043e\u0437\u0434\u0430\u043d\u0430 \u0437\u0430\u0434\u0430\u0447\u0430: task_78480c60", "taskName": "Task-1", "line": 68}
{"timestamp": "2026-04-20T18:42:39.503324Z", "level": "INFO", "logger": "retriever_agent.agent", "module": "agent", "function": "execute", "message": "RetrieverAgent executing task task_78480c60", "taskName": "Task-1", "line": 22}
{"timestamp": "2026-04-20T18:42:40.011570Z", "level": "INFO", "logger": "task_orchestrator.orchestrator", "module": "orchestrator", "function": "assign_agent", "message": "Task task_78480c60 finished with status failed", "taskName": "Task-1", "line": 54}
{"timestamp": "2026-04-20T18:42:40.013994Z", "level": "INFO", "logger": "__main__", "module": "run_scenario", "function": "run_scenario", "message": "\u0417\u0430\u0434\u0430\u0447\u0430 \u0432\u044b\u043f\u043e\u043b\u043d\u0435\u043d\u0430: False, \u0440\u0435\u0437\u0443\u043b\u044c\u0442\u0430\u0442: {'success': False, 'task_id': 'task_78480c60', 'results': [], 'summary': 'Found 0 relevant documents.', 'timestamp': 1776710560.0045042}", "taskName": "Task-1", "line": 72}
{"timestamp": "2026-04-20T18:42:40.016757Z", "level": "INFO", "logger": "workspace_service.redis_client", "module": "redis_client", "function": "__init__", "message": "Connecting to Redis at localhost:6379/0", "taskName": "Task-1", "line": 22}
{"timestamp": "2026-04-20T18:42:40.024828Z", "level": "INFO", "logger": "__main__", "module": "run_scenario", "function": "run_scenario", "message": "\u0414\u0430\u043d\u043d\u044b\u0435 \u0441\u043e\u0445\u0440\u0430\u043d\u0435\u043d\u044b \u0432 workspace.", "taskName": "Task-1", "line": 79}
{"timestamp": "2026-04-20T18:42:40.027199Z", "level": "INFO", "logger": "__main__", "module": "run_scenario", "function": "run_scenario", "message": "=== \u0421\u0446\u0435\u043d\u0430\u0440\u0438\u0439 \u0437\u0430\u0432\u0435\u0440\u0448\u0451\u043d ===", "taskName": "Task-1", "line": 82}
